<?xml version="1.0" encoding="UTF-8"?>
<!-- Generated by org.testng.reporters.JUnitReportReporter -->
<testsuite hostname="BLR-REG-338464" failures="0" tests="2" name="com.stackroute.hrproject.EmployeeAppTest2" time="0.012" errors="0" timestamp="2023-01-11T14:34:52 IST" skipped="0">
  <testcase classname="com.stackroute.hrproject.EmployeeAppTest2" name="testDgetAllEmployees" time="0.003"/>
  <system-out/>
  <testcase classname="com.stackroute.hrproject.EmployeeAppTest2" name="testCAddEmployee" time="0.009"/>
  <system-out/>
</testsuite> <!-- com.stackroute.hrproject.EmployeeAppTest2 -->
