<?xml version="1.0" encoding="UTF-8"?>
<!-- Generated by org.testng.reporters.JUnitReportReporter -->
<testsuite hostname="BLR-REG-338464" failures="0" tests="2" name="com.stackroute.hrproject.EmployeeAppTest" time="0.002" errors="0" timestamp="2023-01-11T14:34:52 IST" skipped="0">
  <testcase classname="com.stackroute.hrproject.EmployeeAppTest" name="testEAddEmployee" time="0.001"/>
  <system-out/>
  <testcase classname="com.stackroute.hrproject.EmployeeAppTest" name="testFgetAllEmployees" time="0.001"/>
  <system-out/>
</testsuite> <!-- com.stackroute.hrproject.EmployeeAppTest -->
