<?xml version="1.0" encoding="UTF-8"?>
<!-- Generated by org.testng.reporters.JUnitReportReporter -->
<testsuite hostname="BLR-REG-338464" failures="0" tests="1" name="com.stackroute.hrproject.AEmployeeAppTest" time="0.004" errors="0" timestamp="2023-01-11T15:16:55 IST" skipped="0">
  <testcase classname="com.stackroute.hrproject.AEmployeeAppTest" name="testEAddEmployee" time="0.004"/>
  <system-out/>
</testsuite> <!-- com.stackroute.hrproject.AEmployeeAppTest -->
