<?xml version="1.0" encoding="UTF-8"?>
<!-- Generated by org.testng.reporters.JUnitReportReporter -->
<testsuite hostname="BLR-REG-338464" failures="0" tests="2" name="com.stackroute.hrproject.BEmployeeAppTest" time="0.000" errors="0" timestamp="2023-01-11T15:16:55 IST" skipped="0">
  <testcase classname="com.stackroute.hrproject.BEmployeeAppTest" name="testDgetAllEmployees" time="0.000"/>
  <system-out/>
  <testcase classname="com.stackroute.hrproject.BEmployeeAppTest" name="testCAddEmployee" time="0.000"/>
  <system-out/>
</testsuite> <!-- com.stackroute.hrproject.BEmployeeAppTest -->
